{"asctime": "2019-03-30 21:54:07,370", "module": "_internal", "funcName": "_log", "):%(lineno": null, "levelname": "INFO", "message": " * Running on http://127.0.0.1:8000/ (Press CTRL+C to quit)"}
{"asctime": "2019-03-30 21:56:34,201", "module": "start_crawl", "funcName": "<module>", "):%(lineno": null, "levelname": "INFO", "message": "116.230.127.28"}
{"asctime": "2019-03-30 21:56:46,847", "module": "start_crawl", "funcName": "<module>", "):%(lineno": null, "levelname": "INFO", "message": "116.230.127.28"}
{"asctime": "2019-03-30 22:08:53,008", "module": "_internal", "funcName": "_log", "):%(lineno": null, "levelname": "INFO", "message": " * Running on http://127.0.0.1:8000/ (Press CTRL+C to quit)"}
{"asctime": "2019-03-30 22:09:05,118", "module": "app", "funcName": "log_exception", "):%(lineno": null, "levelname": "ERROR", "message": "Exception on /getIp [GET]", "exc_info": "Traceback (most recent call last):\n  File \"/Users/youliangzhang/.local/share/virtualenvs/async-proxy-pool-bAzXPxC2/lib/python3.7/site-packages/flask/app.py\", line 2292, in wsgi_app\n    response = self.full_dispatch_request()\n  File \"/Users/youliangzhang/.local/share/virtualenvs/async-proxy-pool-bAzXPxC2/lib/python3.7/site-packages/flask/app.py\", line 1815, in full_dispatch_request\n    rv = self.handle_user_exception(e)\n  File \"/Users/youliangzhang/.local/share/virtualenvs/async-proxy-pool-bAzXPxC2/lib/python3.7/site-packages/flask/app.py\", line 1718, in handle_user_exception\n    reraise(exc_type, exc_value, tb)\n  File \"/Users/youliangzhang/.local/share/virtualenvs/async-proxy-pool-bAzXPxC2/lib/python3.7/site-packages/flask/_compat.py\", line 35, in reraise\n    raise value\n  File \"/Users/youliangzhang/.local/share/virtualenvs/async-proxy-pool-bAzXPxC2/lib/python3.7/site-packages/flask/app.py\", line 1813, in full_dispatch_request\n    rv = self.dispatch_request()\n  File \"/Users/youliangzhang/.local/share/virtualenvs/async-proxy-pool-bAzXPxC2/lib/python3.7/site-packages/flask/app.py\", line 1799, in dispatch_request\n    return self.view_functions[rule.endpoint](**req.view_args)\n  File \"/Users/youliangzhang/code/python/async-proxy-pool/api/apiServer.py\", line 42, in getIp\n    ip = request.headers['X-Forwarded-For']\n  File \"/Users/youliangzhang/.local/share/virtualenvs/async-proxy-pool-bAzXPxC2/lib/python3.7/site-packages/werkzeug/datastructures.py\", line 1374, in __getitem__\n    return _unicodify_header_value(self.environ[\"HTTP_\" + key])\nKeyError: 'HTTP_X_FORWARDED_FOR'"}
{"asctime": "2019-03-30 22:09:05,132", "module": "_internal", "funcName": "_log", "):%(lineno": null, "levelname": "INFO", "message": "127.0.0.1 - - [30/Mar/2019 22:09:05] \"GET /getIp HTTP/1.1\" 500 -"}
{"asctime": "2019-03-30 22:09:35,615", "module": "_internal", "funcName": "_log", "):%(lineno": null, "levelname": "INFO", "message": " * Running on http://127.0.0.1:8000/ (Press CTRL+C to quit)"}
{"asctime": "2019-03-30 22:09:37,415", "module": "app", "funcName": "log_exception", "):%(lineno": null, "levelname": "ERROR", "message": "Exception on /getIp [GET]", "exc_info": "Traceback (most recent call last):\n  File \"/Users/youliangzhang/.local/share/virtualenvs/async-proxy-pool-bAzXPxC2/lib/python3.7/site-packages/flask/app.py\", line 1974, in make_response\n    rv = self.response_class.force_type(rv, request.environ)\n  File \"/Users/youliangzhang/.local/share/virtualenvs/async-proxy-pool-bAzXPxC2/lib/python3.7/site-packages/werkzeug/wrappers/base_response.py\", line 269, in force_type\n    response = BaseResponse(*_run_wsgi_app(response, environ))\n  File \"/Users/youliangzhang/.local/share/virtualenvs/async-proxy-pool-bAzXPxC2/lib/python3.7/site-packages/werkzeug/wrappers/base_response.py\", line 26, in _run_wsgi_app\n    return _run_wsgi_app(*args)\n  File \"/Users/youliangzhang/.local/share/virtualenvs/async-proxy-pool-bAzXPxC2/lib/python3.7/site-packages/werkzeug/test.py\", line 1118, in run_wsgi_app\n    app_rv = app(environ, start_response)\nTypeError: 'EnvironHeaders' object is not callable\n\nDuring handling of the above exception, another exception occurred:\n\nTraceback (most recent call last):\n  File \"/Users/youliangzhang/.local/share/virtualenvs/async-proxy-pool-bAzXPxC2/lib/python3.7/site-packages/flask/app.py\", line 2292, in wsgi_app\n    response = self.full_dispatch_request()\n  File \"/Users/youliangzhang/.local/share/virtualenvs/async-proxy-pool-bAzXPxC2/lib/python3.7/site-packages/flask/app.py\", line 1816, in full_dispatch_request\n    return self.finalize_request(rv)\n  File \"/Users/youliangzhang/.local/share/virtualenvs/async-proxy-pool-bAzXPxC2/lib/python3.7/site-packages/flask/app.py\", line 1831, in finalize_request\n    response = self.make_response(rv)\n  File \"/Users/youliangzhang/.local/share/virtualenvs/async-proxy-pool-bAzXPxC2/lib/python3.7/site-packages/flask/app.py\", line 1982, in make_response\n    reraise(TypeError, new_error, sys.exc_info()[2])\n  File \"/Users/youliangzhang/.local/share/virtualenvs/async-proxy-pool-bAzXPxC2/lib/python3.7/site-packages/flask/_compat.py\", line 34, in reraise\n    raise value.with_traceback(tb)\n  File \"/Users/youliangzhang/.local/share/virtualenvs/async-proxy-pool-bAzXPxC2/lib/python3.7/site-packages/flask/app.py\", line 1974, in make_response\n    rv = self.response_class.force_type(rv, request.environ)\n  File \"/Users/youliangzhang/.local/share/virtualenvs/async-proxy-pool-bAzXPxC2/lib/python3.7/site-packages/werkzeug/wrappers/base_response.py\", line 269, in force_type\n    response = BaseResponse(*_run_wsgi_app(response, environ))\n  File \"/Users/youliangzhang/.local/share/virtualenvs/async-proxy-pool-bAzXPxC2/lib/python3.7/site-packages/werkzeug/wrappers/base_response.py\", line 26, in _run_wsgi_app\n    return _run_wsgi_app(*args)\n  File \"/Users/youliangzhang/.local/share/virtualenvs/async-proxy-pool-bAzXPxC2/lib/python3.7/site-packages/werkzeug/test.py\", line 1118, in run_wsgi_app\n    app_rv = app(environ, start_response)\nTypeError: 'EnvironHeaders' object is not callable\nThe view function did not return a valid response. The return type must be a string, tuple, Response instance, or WSGI callable, but it was a EnvironHeaders."}
{"asctime": "2019-03-30 22:09:37,422", "module": "_internal", "funcName": "_log", "):%(lineno": null, "levelname": "INFO", "message": "127.0.0.1 - - [30/Mar/2019 22:09:37] \"GET /getIp HTTP/1.1\" 500 -"}
{"asctime": "2019-03-30 22:12:51,806", "module": "_internal", "funcName": "_log", "):%(lineno": null, "levelname": "INFO", "message": " * Running on http://127.0.0.1:8000/ (Press CTRL+C to quit)"}
{"asctime": "2019-03-30 22:13:03,415", "module": "_internal", "funcName": "_log", "):%(lineno": null, "levelname": "INFO", "message": "127.0.0.1 - - [30/Mar/2019 22:13:03] \"GET /getIp HTTP/1.1\" 200 -"}
{"asctime": "2019-03-30 22:18:05,309", "module": "_internal", "funcName": "_log", "):%(lineno": null, "levelname": "INFO", "message": " * Running on http://127.0.0.1:8000/ (Press CTRL+C to quit)"}
{"asctime": "2019-03-30 22:18:08,366", "module": "_internal", "funcName": "_log", "):%(lineno": null, "levelname": "INFO", "message": "127.0.0.1 - - [30/Mar/2019 22:18:08] \"GET /getIp HTTP/1.1\" 200 -"}
{"asctime": "2019-03-30 22:18:08,736", "module": "_internal", "funcName": "_log", "):%(lineno": null, "levelname": "INFO", "message": "127.0.0.1 - - [30/Mar/2019 22:18:08] \"GET /favicon.ico HTTP/1.1\" 404 -"}
{"asctime": "2019-03-30 22:20:21,990", "module": "_internal", "funcName": "_log", "):%(lineno": null, "levelname": "INFO", "message": " * Running on http://127.0.0.1:8000/ (Press CTRL+C to quit)"}
{"asctime": "2019-03-30 22:20:31,558", "module": "app", "funcName": "log_exception", "):%(lineno": null, "levelname": "ERROR", "message": "Exception on /getIp [GET]", "exc_info": "Traceback (most recent call last):\n  File \"/Users/youliangzhang/.local/share/virtualenvs/async-proxy-pool-bAzXPxC2/lib/python3.7/site-packages/flask/app.py\", line 2292, in wsgi_app\n    response = self.full_dispatch_request()\n  File \"/Users/youliangzhang/.local/share/virtualenvs/async-proxy-pool-bAzXPxC2/lib/python3.7/site-packages/flask/app.py\", line 1815, in full_dispatch_request\n    rv = self.handle_user_exception(e)\n  File \"/Users/youliangzhang/.local/share/virtualenvs/async-proxy-pool-bAzXPxC2/lib/python3.7/site-packages/flask/app.py\", line 1718, in handle_user_exception\n    reraise(exc_type, exc_value, tb)\n  File \"/Users/youliangzhang/.local/share/virtualenvs/async-proxy-pool-bAzXPxC2/lib/python3.7/site-packages/flask/_compat.py\", line 35, in reraise\n    raise value\n  File \"/Users/youliangzhang/.local/share/virtualenvs/async-proxy-pool-bAzXPxC2/lib/python3.7/site-packages/flask/app.py\", line 1813, in full_dispatch_request\n    rv = self.dispatch_request()\n  File \"/Users/youliangzhang/.local/share/virtualenvs/async-proxy-pool-bAzXPxC2/lib/python3.7/site-packages/flask/app.py\", line 1799, in dispatch_request\n    return self.view_functions[rule.endpoint](**req.view_args)\n  File \"/Users/youliangzhang/code/python/async-proxy-pool/api/apiServer.py\", line 43, in getIp\n    return {args: {}, headers: request.headers, origin: 1}\nNameError: name 'args' is not defined"}
{"asctime": "2019-03-30 22:20:31,576", "module": "_internal", "funcName": "_log", "):%(lineno": null, "levelname": "INFO", "message": "127.0.0.1 - - [30/Mar/2019 22:20:31] \"GET /getIp HTTP/1.1\" 500 -"}
{"asctime": "2019-03-30 22:20:47,920", "module": "_internal", "funcName": "_log", "):%(lineno": null, "levelname": "INFO", "message": " * Running on http://127.0.0.1:8000/ (Press CTRL+C to quit)"}
{"asctime": "2019-03-30 22:20:48,748", "module": "app", "funcName": "log_exception", "):%(lineno": null, "levelname": "ERROR", "message": "Exception on /getIp [GET]", "exc_info": "Traceback (most recent call last):\n  File \"/Users/youliangzhang/.local/share/virtualenvs/async-proxy-pool-bAzXPxC2/lib/python3.7/site-packages/flask/app.py\", line 1974, in make_response\n    rv = self.response_class.force_type(rv, request.environ)\n  File \"/Users/youliangzhang/.local/share/virtualenvs/async-proxy-pool-bAzXPxC2/lib/python3.7/site-packages/werkzeug/wrappers/base_response.py\", line 269, in force_type\n    response = BaseResponse(*_run_wsgi_app(response, environ))\n  File \"/Users/youliangzhang/.local/share/virtualenvs/async-proxy-pool-bAzXPxC2/lib/python3.7/site-packages/werkzeug/wrappers/base_response.py\", line 26, in _run_wsgi_app\n    return _run_wsgi_app(*args)\n  File \"/Users/youliangzhang/.local/share/virtualenvs/async-proxy-pool-bAzXPxC2/lib/python3.7/site-packages/werkzeug/test.py\", line 1118, in run_wsgi_app\n    app_rv = app(environ, start_response)\nTypeError: 'dict' object is not callable\n\nDuring handling of the above exception, another exception occurred:\n\nTraceback (most recent call last):\n  File \"/Users/youliangzhang/.local/share/virtualenvs/async-proxy-pool-bAzXPxC2/lib/python3.7/site-packages/flask/app.py\", line 2292, in wsgi_app\n    response = self.full_dispatch_request()\n  File \"/Users/youliangzhang/.local/share/virtualenvs/async-proxy-pool-bAzXPxC2/lib/python3.7/site-packages/flask/app.py\", line 1816, in full_dispatch_request\n    return self.finalize_request(rv)\n  File \"/Users/youliangzhang/.local/share/virtualenvs/async-proxy-pool-bAzXPxC2/lib/python3.7/site-packages/flask/app.py\", line 1831, in finalize_request\n    response = self.make_response(rv)\n  File \"/Users/youliangzhang/.local/share/virtualenvs/async-proxy-pool-bAzXPxC2/lib/python3.7/site-packages/flask/app.py\", line 1982, in make_response\n    reraise(TypeError, new_error, sys.exc_info()[2])\n  File \"/Users/youliangzhang/.local/share/virtualenvs/async-proxy-pool-bAzXPxC2/lib/python3.7/site-packages/flask/_compat.py\", line 34, in reraise\n    raise value.with_traceback(tb)\n  File \"/Users/youliangzhang/.local/share/virtualenvs/async-proxy-pool-bAzXPxC2/lib/python3.7/site-packages/flask/app.py\", line 1974, in make_response\n    rv = self.response_class.force_type(rv, request.environ)\n  File \"/Users/youliangzhang/.local/share/virtualenvs/async-proxy-pool-bAzXPxC2/lib/python3.7/site-packages/werkzeug/wrappers/base_response.py\", line 269, in force_type\n    response = BaseResponse(*_run_wsgi_app(response, environ))\n  File \"/Users/youliangzhang/.local/share/virtualenvs/async-proxy-pool-bAzXPxC2/lib/python3.7/site-packages/werkzeug/wrappers/base_response.py\", line 26, in _run_wsgi_app\n    return _run_wsgi_app(*args)\n  File \"/Users/youliangzhang/.local/share/virtualenvs/async-proxy-pool-bAzXPxC2/lib/python3.7/site-packages/werkzeug/test.py\", line 1118, in run_wsgi_app\n    app_rv = app(environ, start_response)\nTypeError: 'dict' object is not callable\nThe view function did not return a valid response. The return type must be a string, tuple, Response instance, or WSGI callable, but it was a dict."}
{"asctime": "2019-03-30 22:20:48,764", "module": "_internal", "funcName": "_log", "):%(lineno": null, "levelname": "INFO", "message": "127.0.0.1 - - [30/Mar/2019 22:20:48] \"GET /getIp HTTP/1.1\" 500 -"}
{"asctime": "2019-03-30 22:21:14,441", "module": "_internal", "funcName": "_log", "):%(lineno": null, "levelname": "INFO", "message": " * Running on http://127.0.0.1:8000/ (Press CTRL+C to quit)"}
{"asctime": "2019-03-30 22:21:15,548", "module": "app", "funcName": "log_exception", "):%(lineno": null, "levelname": "ERROR", "message": "Exception on /getIp [GET]", "exc_info": "Traceback (most recent call last):\n  File \"/Users/youliangzhang/.local/share/virtualenvs/async-proxy-pool-bAzXPxC2/lib/python3.7/site-packages/flask/app.py\", line 2292, in wsgi_app\n    response = self.full_dispatch_request()\n  File \"/Users/youliangzhang/.local/share/virtualenvs/async-proxy-pool-bAzXPxC2/lib/python3.7/site-packages/flask/app.py\", line 1815, in full_dispatch_request\n    rv = self.handle_user_exception(e)\n  File \"/Users/youliangzhang/.local/share/virtualenvs/async-proxy-pool-bAzXPxC2/lib/python3.7/site-packages/flask/app.py\", line 1718, in handle_user_exception\n    reraise(exc_type, exc_value, tb)\n  File \"/Users/youliangzhang/.local/share/virtualenvs/async-proxy-pool-bAzXPxC2/lib/python3.7/site-packages/flask/_compat.py\", line 35, in reraise\n    raise value\n  File \"/Users/youliangzhang/.local/share/virtualenvs/async-proxy-pool-bAzXPxC2/lib/python3.7/site-packages/flask/app.py\", line 1813, in full_dispatch_request\n    rv = self.dispatch_request()\n  File \"/Users/youliangzhang/.local/share/virtualenvs/async-proxy-pool-bAzXPxC2/lib/python3.7/site-packages/flask/app.py\", line 1799, in dispatch_request\n    return self.view_functions[rule.endpoint](**req.view_args)\n  File \"/Users/youliangzhang/code/python/async-proxy-pool/api/apiServer.py\", line 44, in getIp\n    return json.dumps(data)\n  File \"/usr/local/Cellar/python/3.7.0/Frameworks/Python.framework/Versions/3.7/lib/python3.7/json/__init__.py\", line 231, in dumps\n    return _default_encoder.encode(obj)\n  File \"/usr/local/Cellar/python/3.7.0/Frameworks/Python.framework/Versions/3.7/lib/python3.7/json/encoder.py\", line 199, in encode\n    chunks = self.iterencode(o, _one_shot=True)\n  File \"/usr/local/Cellar/python/3.7.0/Frameworks/Python.framework/Versions/3.7/lib/python3.7/json/encoder.py\", line 257, in iterencode\n    return _iterencode(o, 0)\n  File \"/usr/local/Cellar/python/3.7.0/Frameworks/Python.framework/Versions/3.7/lib/python3.7/json/encoder.py\", line 179, in default\n    raise TypeError(f'Object of type {o.__class__.__name__} '\nTypeError: Object of type EnvironHeaders is not JSON serializable"}
{"asctime": "2019-03-30 22:21:15,561", "module": "_internal", "funcName": "_log", "):%(lineno": null, "levelname": "INFO", "message": "127.0.0.1 - - [30/Mar/2019 22:21:15] \"GET /getIp HTTP/1.1\" 500 -"}
{"asctime": "2019-03-30 22:21:38,573", "module": "_internal", "funcName": "_log", "):%(lineno": null, "levelname": "INFO", "message": " * Running on http://127.0.0.1:8000/ (Press CTRL+C to quit)"}
{"asctime": "2019-03-30 22:21:39,461", "module": "_internal", "funcName": "_log", "):%(lineno": null, "levelname": "INFO", "message": "127.0.0.1 - - [30/Mar/2019 22:21:39] \"GET /getIp HTTP/1.1\" 200 -"}
{"asctime": "2019-03-30 22:22:52,751", "module": "_internal", "funcName": "_log", "):%(lineno": null, "levelname": "INFO", "message": " * Running on http://127.0.0.1:8000/ (Press CTRL+C to quit)"}
{"asctime": "2019-03-30 22:22:54,607", "module": "_internal", "funcName": "_log", "):%(lineno": null, "levelname": "INFO", "message": "127.0.0.1 - - [30/Mar/2019 22:22:54] \"GET /getIp HTTP/1.1\" 200 -"}
{"asctime": "2019-03-30 22:23:50,302", "module": "_internal", "funcName": "_log", "):%(lineno": null, "levelname": "INFO", "message": " * Running on http://127.0.0.1:8000/ (Press CTRL+C to quit)"}
{"asctime": "2019-03-30 22:23:55,564", "module": "_internal", "funcName": "_log", "):%(lineno": null, "levelname": "INFO", "message": "127.0.0.1 - - [30/Mar/2019 22:23:55] \"GET /getIp?name=1 HTTP/1.1\" 200 -"}
{"asctime": "2019-03-30 22:25:25,952", "module": "_internal", "funcName": "_log", "):%(lineno": null, "levelname": "INFO", "message": " * Running on http://127.0.0.1:8000/ (Press CTRL+C to quit)"}
{"asctime": "2019-03-30 22:25:27,507", "module": "_internal", "funcName": "_log", "):%(lineno": null, "levelname": "INFO", "message": "127.0.0.1 - - [30/Mar/2019 22:25:27] \"GET /getIp?name=1 HTTP/1.1\" 200 -"}
{"asctime": "2019-03-30 22:25:28,539", "module": "_internal", "funcName": "_log", "):%(lineno": null, "levelname": "INFO", "message": "127.0.0.1 - - [30/Mar/2019 22:25:28] \"GET /getIp?name=1 HTTP/1.1\" 200 -"}
{"asctime": "2019-03-30 22:25:29,097", "module": "_internal", "funcName": "_log", "):%(lineno": null, "levelname": "INFO", "message": "127.0.0.1 - - [30/Mar/2019 22:25:29] \"GET /getIp?name=1 HTTP/1.1\" 200 -"}
{"asctime": "2019-03-30 22:25:33,894", "module": "_internal", "funcName": "_log", "):%(lineno": null, "levelname": "INFO", "message": "127.0.0.1 - - [30/Mar/2019 22:25:33] \"GET /getIp?name=1 HTTP/1.1\" 200 -"}
{"asctime": "2019-03-30 22:25:34,361", "module": "_internal", "funcName": "_log", "):%(lineno": null, "levelname": "INFO", "message": "127.0.0.1 - - [30/Mar/2019 22:25:34] \"GET /getIp?name=1 HTTP/1.1\" 200 -"}
{"asctime": "2019-03-30 22:25:34,869", "module": "_internal", "funcName": "_log", "):%(lineno": null, "levelname": "INFO", "message": "127.0.0.1 - - [30/Mar/2019 22:25:34] \"GET /getIp?name=1 HTTP/1.1\" 200 -"}
{"asctime": "2019-03-30 22:25:47,991", "module": "_internal", "funcName": "_log", "):%(lineno": null, "levelname": "INFO", "message": " * Running on http://127.0.0.1:8000/ (Press CTRL+C to quit)"}
{"asctime": "2019-03-30 22:25:49,132", "module": "_internal", "funcName": "_log", "):%(lineno": null, "levelname": "INFO", "message": "127.0.0.1 - - [30/Mar/2019 22:25:49] \"GET /getIp?name=1 HTTP/1.1\" 200 -"}
{"asctime": "2019-03-30 22:25:54,789", "module": "_internal", "funcName": "_log", "):%(lineno": null, "levelname": "INFO", "message": " * Running on http://127.0.0.1:8000/ (Press CTRL+C to quit)"}
{"asctime": "2019-03-30 22:25:55,893", "module": "_internal", "funcName": "_log", "):%(lineno": null, "levelname": "INFO", "message": "127.0.0.1 - - [30/Mar/2019 22:25:55] \"GET /getIp?name=1 HTTP/1.1\" 200 -"}
{"asctime": "2019-03-30 22:26:54,339", "module": "_internal", "funcName": "_log", "):%(lineno": null, "levelname": "INFO", "message": " * Running on http://127.0.0.1:8000/ (Press CTRL+C to quit)"}
{"asctime": "2019-03-30 22:26:55,815", "module": "_internal", "funcName": "_log", "):%(lineno": null, "levelname": "INFO", "message": "127.0.0.1 - - [30/Mar/2019 22:26:55] \"GET /getIp?name=1 HTTP/1.1\" 200 -"}
{"asctime": "2019-03-30 22:26:57,055", "module": "_internal", "funcName": "_log", "):%(lineno": null, "levelname": "INFO", "message": "127.0.0.1 - - [30/Mar/2019 22:26:57] \"GET /getIp?name=1 HTTP/1.1\" 200 -"}
{"asctime": "2019-03-30 22:29:51,211", "module": "_internal", "funcName": "_log", "):%(lineno": null, "levelname": "INFO", "message": " * Running on http://127.0.0.1:8000/ (Press CTRL+C to quit)"}
{"asctime": "2019-03-30 22:29:53,692", "module": "_internal", "funcName": "_log", "):%(lineno": null, "levelname": "INFO", "message": "127.0.0.1 - - [30/Mar/2019 22:29:53] \"GET /getIp?name=1 HTTP/1.1\" 200 -"}
{"asctime": "2019-03-30 22:30:15,694", "module": "_internal", "funcName": "_log", "):%(lineno": null, "levelname": "INFO", "message": " * Running on http://127.0.0.1:8000/ (Press CTRL+C to quit)"}
{"asctime": "2019-03-30 22:30:17,677", "module": "_internal", "funcName": "_log", "):%(lineno": null, "levelname": "INFO", "message": "127.0.0.1 - - [30/Mar/2019 22:30:17] \"GET /getIp?name=1 HTTP/1.1\" 200 -"}
{"asctime": "2019-03-30 22:35:08,591", "module": "_internal", "funcName": "_log", "):%(lineno": null, "levelname": "INFO", "message": " * Running on http://127.0.0.1:8000/ (Press CTRL+C to quit)"}
{"asctime": "2019-03-30 22:35:11,764", "module": "_internal", "funcName": "_log", "):%(lineno": null, "levelname": "INFO", "message": "127.0.0.1 - - [30/Mar/2019 22:35:11] \"GET /getIp?name=1 HTTP/1.1\" 200 -"}
{"asctime": "2019-03-30 22:35:19,626", "module": "_internal", "funcName": "_log", "):%(lineno": null, "levelname": "INFO", "message": " * Running on http://127.0.0.1:8000/ (Press CTRL+C to quit)"}
{"asctime": "2019-03-30 22:35:20,647", "module": "_internal", "funcName": "_log", "):%(lineno": null, "levelname": "INFO", "message": "127.0.0.1 - - [30/Mar/2019 22:35:20] \"GET /getIp?name=1 HTTP/1.1\" 200 -"}
{"asctime": "2019-03-30 22:35:22,053", "module": "_internal", "funcName": "_log", "):%(lineno": null, "levelname": "INFO", "message": "127.0.0.1 - - [30/Mar/2019 22:35:22] \"GET /getIp?name=1 HTTP/1.1\" 200 -"}
{"asctime": "2019-03-30 22:36:05,727", "module": "_internal", "funcName": "_log", "):%(lineno": null, "levelname": "INFO", "message": " * Running on http://127.0.0.1:8000/ (Press CTRL+C to quit)"}
{"asctime": "2019-03-30 22:36:06,794", "module": "_internal", "funcName": "_log", "):%(lineno": null, "levelname": "INFO", "message": "127.0.0.1 - - [30/Mar/2019 22:36:06] \"GET /getIp?name=1 HTTP/1.1\" 200 -"}
{"asctime": "2019-03-30 22:36:18,772", "module": "_internal", "funcName": "_log", "):%(lineno": null, "levelname": "INFO", "message": " * Running on http://127.0.0.1:8000/ (Press CTRL+C to quit)"}
{"asctime": "2019-03-30 22:36:22,153", "module": "_internal", "funcName": "_log", "):%(lineno": null, "levelname": "INFO", "message": "127.0.0.1 - - [30/Mar/2019 22:36:22] \"GET /getIp?name=1 HTTP/1.1\" 200 -"}
{"asctime": "2019-03-30 22:36:48,990", "module": "_internal", "funcName": "_log", "):%(lineno": null, "levelname": "INFO", "message": " * Running on http://127.0.0.1:8000/ (Press CTRL+C to quit)"}
{"asctime": "2019-03-30 22:36:49,692", "module": "_internal", "funcName": "_log", "):%(lineno": null, "levelname": "INFO", "message": "127.0.0.1 - - [30/Mar/2019 22:36:49] \"GET /getIp?name=1 HTTP/1.1\" 200 -"}
{"asctime": "2019-03-30 22:45:51,034", "module": "_internal", "funcName": "_log", "):%(lineno": null, "levelname": "INFO", "message": " * Running on http://127.0.0.1:8000/ (Press CTRL+C to quit)"}
{"asctime": "2019-03-30 22:46:08,582", "module": "_internal", "funcName": "_log", "):%(lineno": null, "levelname": "INFO", "message": "127.0.0.1 - - [30/Mar/2019 22:46:08] \"GET /getIp?name=1 HTTP/1.1\" 200 -"}
{"asctime": "2019-03-30 22:49:41,664", "module": "_internal", "funcName": "_log", "):%(lineno": null, "levelname": "INFO", "message": " * Running on http://127.0.0.1:8000/ (Press CTRL+C to quit)"}
{"asctime": "2019-03-30 22:49:41,667", "module": "_internal", "funcName": "_log", "):%(lineno": null, "levelname": "INFO", "message": " * Restarting with stat"}
{"asctime": "2019-03-30 22:49:42,071", "module": "_internal", "funcName": "_log", "):%(lineno": null, "levelname": "WARNING", "message": " * Debugger is active!"}
{"asctime": "2019-03-30 22:49:42,083", "module": "_internal", "funcName": "_log", "):%(lineno": null, "levelname": "INFO", "message": " * Debugger PIN: 640-911-429"}
{"asctime": "2019-03-30 22:49:57,352", "module": "_internal", "funcName": "_log", "):%(lineno": null, "levelname": "INFO", "message": " * Detected change in '/Users/youliangzhang/code/python/async-proxy-pool/start_web.py', reloading"}
{"asctime": "2019-03-30 22:50:03,023", "module": "_internal", "funcName": "_log", "):%(lineno": null, "levelname": "INFO", "message": " * Running on http://127.0.0.1:8000/ (Press CTRL+C to quit)"}
{"asctime": "2019-03-30 22:50:03,025", "module": "_internal", "funcName": "_log", "):%(lineno": null, "levelname": "INFO", "message": " * Restarting with stat"}
{"asctime": "2019-03-30 22:50:03,405", "module": "_internal", "funcName": "_log", "):%(lineno": null, "levelname": "WARNING", "message": " * Debugger is active!"}
{"asctime": "2019-03-30 22:50:03,416", "module": "_internal", "funcName": "_log", "):%(lineno": null, "levelname": "INFO", "message": " * Debugger PIN: 640-911-429"}
{"asctime": "2019-03-30 22:50:12,943", "module": "_internal", "funcName": "_log", "):%(lineno": null, "levelname": "INFO", "message": " * Running on http://127.0.0.1:8000/ (Press CTRL+C to quit)"}
{"asctime": "2019-03-30 22:50:28,919", "module": "_internal", "funcName": "_log", "):%(lineno": null, "levelname": "INFO", "message": " * Running on http://127.0.0.1:8000/ (Press CTRL+C to quit)"}
